<?xml version="1.0" encoding="UTF-8"?>
<!-- Generated by org.testng.reporters.JUnitReportReporter -->
<testsuite skipped="0" hostname="DESKTOP-6RGBUKB" name="maven_for_Jenkins.UiTest" tests="1" failures="0" timestamp="2023-07-20T15:34:09 IST" time="0.013" errors="0">
  <testcase name="startBrowser" time="0.013" classname="maven_for_Jenkins.UiTest"/>
  <system-out/>
</testsuite> <!-- maven_for_Jenkins.UiTest -->
