<?xml version="1.0" encoding="UTF-8"?>
<!-- Generated by org.testng.reporters.JUnitReportReporter -->
<testsuite hostname="DESKTOP-6RGBUKB" failures="0" tests="1" name="maven_for_Jenkins.UiTest" time="0.006" errors="0" timestamp="2023-07-20T16:27:37 IST" skipped="0">
  <testcase classname="maven_for_Jenkins.UiTest" name="startBrowser" time="0.006"/>
  <system-out/>
</testsuite> <!-- maven_for_Jenkins.UiTest -->
